2023-04-16 13:13:32,875 [INFO] Activator:177 - 


2023-04-16 13:13:32,876 [INFO] Activator:178 - !SESSION log4j initialized
2023-04-16 13:13:34,314 [ERROR] LogOutputStream:74 - [STDERR_REDIRECT] 
2023-04-16 13:13:58,048 [ERROR] LogOutputStream:74 - [STDERR_REDIRECT] SLF4J: Failed to load class "org.slf4j.impl.StaticLoggerBinder".
2023-04-16 13:13:58,049 [ERROR] LogOutputStream:74 - [STDERR_REDIRECT] SLF4J: Defaulting to no-operation (NOP) logger implementation
2023-04-16 13:13:58,049 [ERROR] LogOutputStream:74 - [STDERR_REDIRECT] SLF4J: See http://www.slf4j.org/codes.html#StaticLoggerBinder for further details.
2023-04-16 13:42:16,820 [INFO] Activator:177 - 


2023-04-16 13:42:16,821 [INFO] Activator:178 - !SESSION log4j initialized
2023-04-16 13:42:22,367 [ERROR] LogOutputStream:74 - [STDERR_REDIRECT] 
2023-04-16 13:42:46,095 [ERROR] LogOutputStream:74 - [STDERR_REDIRECT] SLF4J: Failed to load class "org.slf4j.impl.StaticLoggerBinder".
2023-04-16 13:42:46,096 [ERROR] LogOutputStream:74 - [STDERR_REDIRECT] SLF4J: Defaulting to no-operation (NOP) logger implementation
2023-04-16 13:42:46,096 [ERROR] LogOutputStream:74 - [STDERR_REDIRECT] SLF4J: See http://www.slf4j.org/codes.html#StaticLoggerBinder for further details.
2023-04-16 14:26:19,375 [ERROR] ApiDbMcu:1619 - Can't use Application install path:
2023-04-16 14:26:19,386 [WARN] RulesReader:63 - Compatibility file://mcu/compatibility.xml not found
2023-04-16 14:26:57,277 [INFO] McuFinderGlobals:44 - Set McuFinder mode to 2 (CubeIDE integrated)
2023-04-16 14:26:59,362 [INFO] ApplicationProperties:181 - Using Application install path: /Applications/STM32CubeIDE.app/Contents/Eclipse/plugins/com.st.stm32cube.common.mx_6.6.1.202207061420
2023-04-16 14:26:59,375 [INFO] DbMcusXml:77 - Set database path to: /Applications/STM32CubeIDE.app/Contents/Eclipse/plugins/com.st.stm32cube.common.mx_6.6.1.202207061420//db//mcu/
2023-04-16 14:26:59,376 [INFO] ApiDb:269 - Set plugin database path to: /Applications/STM32CubeIDE.app/Contents/Eclipse/plugins/com.st.stm32cube.common.mx_6.6.1.202207061420//db//plugins/boardmanager/
2023-04-16 14:26:59,382 [WARN] ApiDb:254 - Overriding images path with different value:  => /Applications/STM32CubeIDE.app/Contents/Eclipse/plugins/com.st.stm32cube.common.mx_6.6.1.202207061420//db//plugins/mcufinder/images/
2023-04-16 14:26:59,400 [INFO] ApiDb:249 - Set database path to: /Users/sshashi/.stmcufinder/plugins/mcufinder//mcu/
2023-04-16 14:26:59,401 [INFO] DbMcusAds:124 - Set database path to: /Users/sshashi/.stmcufinder/plugins/mcufinder//mcu/
2023-04-16 14:26:59,410 [INFO] CrossReferenceDbSqlite:201 - Set database path to: /Users/sshashi/.stmcufinder/plugins/mcufinder//mcu/cs/
2023-04-16 14:26:59,466 [INFO] DbMcusXml:77 - Set database path to: /Applications/STM32CubeIDE.app/Contents/Eclipse/plugins/com.st.stm32cube.common.mx_6.6.1.202207061420//db//mcu/
2023-04-16 14:26:59,467 [INFO] ApiDb:269 - Set plugin database path to: /Applications/STM32CubeIDE.app/Contents/Eclipse/plugins/com.st.stm32cube.common.mx_6.6.1.202207061420//db//plugins/boardmanager/
2023-04-16 14:26:59,469 [INFO] ApiDb:256 - Set plugin images path to: /Applications/STM32CubeIDE.app/Contents/Eclipse/plugins/com.st.stm32cube.common.mx_6.6.1.202207061420//db//plugins/mcufinder/images/
2023-04-16 14:26:59,470 [WARN] DbFile:40 - Overriding database path with different value: /Users/sshashi/.stmcufinder/plugins/mcufinder/ => /Users/sshashi/.stmcufinder/plugins/mcufinder
2023-04-16 14:26:59,470 [INFO] ApiDb:249 - Set database path to: /Users/sshashi/.stmcufinder/plugins/mcufinder//mcu/
2023-04-16 14:26:59,470 [WARN] DbFile:40 - Overriding database path with different value: /Users/sshashi/.stmcufinder/plugins/mcufinder/ => /Users/sshashi/.stmcufinder/plugins/mcufinder
2023-04-16 14:26:59,473 [INFO] DbMcusAds:124 - Set database path to: /Users/sshashi/.stmcufinder/plugins/mcufinder//mcu/
2023-04-16 14:26:59,473 [WARN] DbFile:40 - Overriding database path with different value: /Users/sshashi/.stmcufinder/plugins/mcufinder/ => /Users/sshashi/.stmcufinder/plugins/mcufinder
2023-04-16 14:26:59,473 [WARN] DbFile:40 - Overriding database path with different value: /Users/sshashi/.stmcufinder/plugins/mcufinder/ => /Users/sshashi/.stmcufinder/plugins/mcufinder
2023-04-16 14:26:59,473 [INFO] CrossReferenceDbSqlite:201 - Set database path to: /Users/sshashi/.stmcufinder/plugins/mcufinder//mcu/cs/
2023-04-16 14:26:59,551 [INFO] MainPanel:242 - HeapMemory: 456130560
2023-04-16 14:26:59,650 [INFO] DbMcusXml:77 - Set database path to: /Applications/STM32CubeIDE.app/Contents/Eclipse/plugins/com.st.stm32cube.common.mx_6.6.1.202207061420//db//mcu/
2023-04-16 14:26:59,653 [INFO] ApiDb:269 - Set plugin database path to: /Applications/STM32CubeIDE.app/Contents/Eclipse/plugins/com.st.stm32cube.common.mx_6.6.1.202207061420//db//plugins/boardmanager/
2023-04-16 14:26:59,653 [INFO] ApiDb:256 - Set plugin images path to: /Applications/STM32CubeIDE.app/Contents/Eclipse/plugins/com.st.stm32cube.common.mx_6.6.1.202207061420//db//plugins/mcufinder/images/
2023-04-16 14:26:59,654 [WARN] DbFile:40 - Overriding database path with different value: /Users/sshashi/.stmcufinder/plugins/mcufinder/ => /Users/sshashi/.stmcufinder/plugins/mcufinder
2023-04-16 14:26:59,654 [INFO] ApiDb:249 - Set database path to: /Users/sshashi/.stmcufinder/plugins/mcufinder//mcu/
2023-04-16 14:26:59,654 [WARN] DbFile:40 - Overriding database path with different value: /Users/sshashi/.stmcufinder/plugins/mcufinder/ => /Users/sshashi/.stmcufinder/plugins/mcufinder
2023-04-16 14:26:59,654 [INFO] DbMcusAds:124 - Set database path to: /Users/sshashi/.stmcufinder/plugins/mcufinder//mcu/
2023-04-16 14:26:59,654 [WARN] DbFile:40 - Overriding database path with different value: /Users/sshashi/.stmcufinder/plugins/mcufinder/ => /Users/sshashi/.stmcufinder/plugins/mcufinder
2023-04-16 14:26:59,654 [WARN] DbFile:40 - Overriding database path with different value: /Users/sshashi/.stmcufinder/plugins/mcufinder/ => /Users/sshashi/.stmcufinder/plugins/mcufinder
2023-04-16 14:26:59,654 [INFO] CrossReferenceDbSqlite:201 - Set database path to: /Users/sshashi/.stmcufinder/plugins/mcufinder//mcu/cs/
2023-04-16 14:26:59,676 [INFO] ApplicationProperties:181 - Using Application install path: /Applications/STM32CubeIDE.app/Contents/Eclipse/plugins/com.st.stm32cube.common.mx_6.6.1.202207061420
2023-04-16 14:26:59,677 [INFO] PluginManage:193 - Search for loadable plugins [exclusion list=, ]
2023-04-16 14:26:59,681 [INFO] PluginManage:307 - Check plugin analytics
2023-04-16 14:27:00,071 [INFO] AnalyticsPlugin:262 - Accepted Software Licenses: 
2023-04-16 14:27:00,073 [INFO] AnalyticsPlugin:264 - Accepted CMSIS Pack Licenses: 
2023-04-16 14:27:00,074 [INFO] AnalyticsPlugin:266 - Accepted Firmware Licenses: FW.F4.1.27.0
2023-04-16 14:27:00,087 [INFO] PluginManage:356 - Loaded plugin analytics (category:tool,tabindex:-1)
2023-04-16 14:27:00,088 [INFO] PluginManage:307 - Check plugin cadmodel
2023-04-16 14:27:00,107 [INFO] CADModel:65 - Init CAD model plugin
2023-04-16 14:27:00,107 [INFO] PluginManage:356 - Loaded plugin cadmodel (category:power,tabindex:5)
2023-04-16 14:27:00,108 [INFO] PluginManage:307 - Check plugin clock
2023-04-16 14:27:00,120 [INFO] PluginManage:356 - Loaded plugin clock (category:base,tabindex:2)
2023-04-16 14:27:00,122 [INFO] PluginManage:307 - Check plugin ddr
2023-04-16 14:27:00,124 [INFO] PluginManage:356 - Loaded plugin ddr (category:tool,tabindex:6)
2023-04-16 14:27:00,124 [INFO] PluginManage:307 - Check plugin filemanager
2023-04-16 14:27:00,325 [INFO] PluginManage:356 - Loaded plugin filemanager (category:base,tabindex:10)
2023-04-16 14:27:00,326 [INFO] PluginManage:307 - Check plugin ipmanager
2023-04-16 14:27:00,338 [INFO] PluginManage:356 - Loaded plugin ipmanager (category:base,tabindex:5)
2023-04-16 14:27:00,339 [INFO] PluginManage:307 - Check plugin lpbam
2023-04-16 14:27:00,349 [INFO] PluginManage:356 - Loaded plugin lpbam (category:base,tabindex:0)
2023-04-16 14:27:00,349 [INFO] PluginManage:307 - Check plugin pinoutandconfiguration
2023-04-16 14:27:00,354 [INFO] PluginManage:356 - Loaded plugin pinoutandconfiguration (category:base,tabindex:1)
2023-04-16 14:27:00,356 [INFO] PluginManage:307 - Check plugin pinoutconfig
2023-04-16 14:27:00,396 [INFO] PluginManage:356 - Loaded plugin pinoutconfig (category:base,tabindex:0)
2023-04-16 14:27:00,397 [INFO] PluginManage:307 - Check plugin power
2023-04-16 14:27:00,410 [INFO] PluginManage:356 - Loaded plugin power (category:power,tabindex:4)
2023-04-16 14:27:00,410 [INFO] PluginManage:307 - Check plugin projectmanager
2023-04-16 14:27:00,434 [INFO] PluginManage:356 - Loaded plugin projectmanager (category:projectmanager,tabindex:3)
2023-04-16 14:27:00,434 [INFO] PluginManage:307 - Check plugin thirdparty
2023-04-16 14:27:00,589 [WARN] IntegrityCheckThread:82 - waiting for thirdparty lock release [integrity check]
2023-04-16 14:27:00,591 [INFO] IntegrityCheckThread:84 - entering critical section [integrity check]
2023-04-16 14:27:00,592 [INFO] PluginManage:356 - Loaded plugin thirdparty (category:base,tabindex:-1)
2023-04-16 14:27:00,592 [INFO] PluginManage:307 - Check plugin tools
2023-04-16 14:27:00,595 [INFO] ThirdPartyUpdaterWithRetryManager:70 - Updater plugin not ready yet. [1/15]
2023-04-16 14:27:00,598 [INFO] PluginManage:356 - Loaded plugin tools (category:base,tabindex:7)
2023-04-16 14:27:00,598 [INFO] PluginManage:307 - Check plugin tutovideos
2023-04-16 14:27:00,970 [INFO] PluginManage:356 - Loaded plugin tutovideos (category:base,tabindex:-1)
2023-04-16 14:27:00,982 [INFO] PluginManage:307 - Check plugin updater
2023-04-16 14:27:01,064 [INFO] PluginManage:356 - Loaded plugin updater (category:base,tabindex:12)
2023-04-16 14:27:01,075 [INFO] PluginManage:280 - PluginManage : Loaded plugins [15]
2023-04-16 14:27:01,911 [INFO] PinOutPanel:1468 - setPackage(No Configuration,No Configuration)
2023-04-16 14:27:02,006 [INFO] CADModel:98 - CPN selected for project level
2023-04-16 14:27:02,023 [INFO] IPUIPlugin:79 - create IPUIPlugin
2023-04-16 14:27:02,024 [INFO] PluginManager:217 - loadIPPluginJar : add mdma
2023-04-16 14:27:02,030 [INFO] IPUIPlugin:79 - create IPUIPlugin
2023-04-16 14:27:02,031 [INFO] PluginManager:217 - loadIPPluginJar : add freertos
2023-04-16 14:27:02,035 [INFO] IPUIPlugin:79 - create IPUIPlugin
2023-04-16 14:27:02,036 [INFO] PluginManager:217 - loadIPPluginJar : add gic
2023-04-16 14:27:02,043 [INFO] IPUIPlugin:79 - create IPUIPlugin
2023-04-16 14:27:02,043 [INFO] PluginManager:217 - loadIPPluginJar : add adc
2023-04-16 14:27:02,045 [INFO] IPUIPlugin:79 - create IPUIPlugin
2023-04-16 14:27:02,045 [INFO] PluginManager:217 - loadIPPluginJar : add gtzc
2023-04-16 14:27:02,046 [INFO] IPUIPlugin:79 - create IPUIPlugin
2023-04-16 14:27:02,046 [INFO] PluginManager:217 - loadIPPluginJar : add quadspi
2023-04-16 14:27:02,048 [INFO] IPUIPlugin:79 - create IPUIPlugin
2023-04-16 14:27:02,048 [INFO] PluginManager:217 - loadIPPluginJar : add aes
2023-04-16 14:27:02,050 [INFO] IPUIPlugin:79 - create IPUIPlugin
2023-04-16 14:27:02,050 [INFO] PluginManager:217 - loadIPPluginJar : add pdm2pcm
2023-04-16 14:27:02,051 [INFO] IPUIPlugin:79 - create IPUIPlugin
2023-04-16 14:27:02,051 [INFO] PluginManager:217 - loadIPPluginJar : add hash
2023-04-16 14:27:02,053 [INFO] IPUIPlugin:79 - create IPUIPlugin
2023-04-16 14:27:02,053 [INFO] PluginManager:217 - loadIPPluginJar : add tim
2023-04-16 14:27:02,055 [INFO] IPUIPlugin:79 - create IPUIPlugin
2023-04-16 14:27:02,055 [INFO] PluginManager:217 - loadIPPluginJar : add tsc
2023-04-16 14:27:02,056 [INFO] IPUIPlugin:79 - create IPUIPlugin
2023-04-16 14:27:02,056 [INFO] PluginManager:217 - loadIPPluginJar : add ts
2023-04-16 14:27:02,058 [INFO] IPUIPlugin:79 - create IPUIPlugin
2023-04-16 14:27:02,058 [INFO] PluginManager:217 - loadIPPluginJar : add can
2023-04-16 14:27:02,059 [INFO] IPUIPlugin:79 - create IPUIPlugin
2023-04-16 14:27:02,060 [INFO] PluginManager:217 - loadIPPluginJar : add dma3
2023-04-16 14:27:02,061 [INFO] IPUIPlugin:79 - create IPUIPlugin
2023-04-16 14:27:02,061 [INFO] PluginManager:217 - loadIPPluginJar : add dfsdm
2023-04-16 14:27:02,063 [INFO] IPUIPlugin:79 - create IPUIPlugin
2023-04-16 14:27:02,063 [INFO] PluginManager:217 - loadIPPluginJar : add spi
2023-04-16 14:27:02,065 [INFO] IPUIPlugin:79 - create IPUIPlugin
2023-04-16 14:27:02,065 [INFO] PluginManager:217 - loadIPPluginJar : add gfxmmu
2023-04-16 14:27:02,066 [INFO] IPUIPlugin:79 - create IPUIPlugin
2023-04-16 14:27:02,066 [INFO] PluginManager:217 - loadIPPluginJar : add genericplugin
2023-04-16 14:27:02,068 [INFO] IPUIPlugin:79 - create IPUIPlugin
2023-04-16 14:27:02,068 [INFO] PluginManager:217 - loadIPPluginJar : add cryp
2023-04-16 14:27:02,072 [INFO] IPUIPlugin:79 - create IPUIPlugin
2023-04-16 14:27:02,077 [INFO] PluginManager:217 - loadIPPluginJar : add gpio
2023-04-16 14:27:02,080 [INFO] IPUIPlugin:79 - create IPUIPlugin
2023-04-16 14:27:02,080 [INFO] PluginManager:217 - loadIPPluginJar : add comp
2023-04-16 14:27:02,082 [INFO] IPUIPlugin:79 - create IPUIPlugin
2023-04-16 14:27:02,082 [INFO] PluginManager:217 - loadIPPluginJar : add tracer_emb
2023-04-16 14:27:02,084 [INFO] IPUIPlugin:79 - create IPUIPlugin
2023-04-16 14:27:02,084 [INFO] PluginManager:217 - loadIPPluginJar : add openamp
2023-04-16 14:27:02,087 [INFO] IPUIPlugin:79 - create IPUIPlugin
2023-04-16 14:27:02,087 [INFO] PluginManager:217 - loadIPPluginJar : add stm32_wpan
2023-04-16 14:27:02,091 [INFO] IPUIPlugin:79 - create IPUIPlugin
2023-04-16 14:27:02,095 [INFO] PluginManager:217 - loadIPPluginJar : add plateformsettings
2023-04-16 14:27:02,097 [INFO] IPUIPlugin:79 - create IPUIPlugin
2023-04-16 14:27:02,098 [INFO] PluginManager:217 - loadIPPluginJar : add ipddr
2023-04-16 14:27:02,100 [INFO] IPUIPlugin:79 - create IPUIPlugin
2023-04-16 14:27:02,101 [INFO] PluginManager:217 - loadIPPluginJar : add usart
2023-04-16 14:27:02,102 [INFO] IPUIPlugin:79 - create IPUIPlugin
2023-04-16 14:27:02,102 [INFO] PluginManager:217 - loadIPPluginJar : add ltdc
2023-04-16 14:27:02,104 [INFO] IPUIPlugin:79 - create IPUIPlugin
2023-04-16 14:27:02,105 [INFO] PluginManager:217 - loadIPPluginJar : add nvic
2023-04-16 14:27:02,106 [INFO] IPUIPlugin:79 - create IPUIPlugin
2023-04-16 14:27:02,106 [INFO] PluginManager:217 - loadIPPluginJar : add fatfs
2023-04-16 14:27:02,111 [INFO] IPUIPlugin:79 - create IPUIPlugin
2023-04-16 14:27:02,112 [INFO] PluginManager:217 - loadIPPluginJar : add linkedlist
2023-04-16 14:27:02,116 [INFO] IPUIPlugin:79 - create IPUIPlugin
2023-04-16 14:27:02,116 [INFO] PluginManager:217 - loadIPPluginJar : add dma
2023-04-16 14:27:02,120 [INFO] IPUIPlugin:79 - create IPUIPlugin
2023-04-16 14:27:02,120 [INFO] PluginManager:217 - loadIPPluginJar : add fmc
2023-04-16 14:27:02,122 [INFO] IPUIPlugin:79 - create IPUIPlugin
2023-04-16 14:27:02,122 [INFO] PluginManager:217 - loadIPPluginJar : add i2s
2023-04-16 14:27:02,123 [INFO] IPUIPlugin:79 - create IPUIPlugin
2023-04-16 14:27:02,124 [INFO] PluginManager:217 - loadIPPluginJar : add ucpd
2023-04-16 14:27:02,126 [INFO] IPUIPlugin:79 - create IPUIPlugin
2023-04-16 14:27:02,126 [INFO] PluginManager:217 - loadIPPluginJar : add lorawan
2023-04-16 14:27:02,128 [INFO] IPUIPlugin:79 - create IPUIPlugin
2023-04-16 14:27:02,128 [INFO] PluginManager:217 - loadIPPluginJar : add opamp
2023-04-16 14:27:02,130 [INFO] IPUIPlugin:79 - create IPUIPlugin
2023-04-16 14:27:02,130 [INFO] PluginManager:217 - loadIPPluginJar : add touchsensing
2023-04-16 14:27:02,132 [INFO] IPUIPlugin:79 - create IPUIPlugin
2023-04-16 14:27:02,132 [INFO] PluginManager:217 - loadIPPluginJar : add i2c
2023-04-16 14:27:02,134 [INFO] IPUIPlugin:79 - create IPUIPlugin
2023-04-16 14:27:02,134 [INFO] PluginManager:217 - loadIPPluginJar : add resmgrutility
2023-04-16 14:27:02,136 [INFO] IPUIPlugin:79 - create IPUIPlugin
2023-04-16 14:27:02,136 [INFO] PluginManager:217 - loadIPPluginJar : add sai
2023-04-16 14:27:02,138 [INFO] IPUIPlugin:79 - create IPUIPlugin
2023-04-16 14:27:02,138 [INFO] PluginManager:217 - loadIPPluginJar : add usbx
2023-04-16 14:27:02,433 [FATAL] Updater:301 - Updater called before beeing initialized
2023-04-16 14:27:02,603 [FATAL] Updater:301 - Updater called before beeing initialized
2023-04-16 14:27:02,616 [INFO] DbMcusAds:52 - JSON generation date=Wed Sep 29 23:55:09 PDT 2021 (1632984909265)
2023-04-16 14:27:02,617 [FATAL] Updater:301 - Updater called before beeing initialized
2023-04-16 14:27:02,775 [WARN] DetailPanel:344 - Failed to get advertising image, set to default
2023-04-16 14:27:02,877 [FATAL] Updater:301 - Updater called before beeing initialized
2023-04-16 14:27:02,880 [FATAL] Updater:301 - Updater called before beeing initialized
2023-04-16 14:27:02,880 [FATAL] Updater:301 - Updater called before beeing initialized
2023-04-16 14:27:02,880 [WARN] DetailPanel:344 - Failed to get advertising image, set to default
2023-04-16 14:27:02,886 [FATAL] Updater:301 - Updater called before beeing initialized
2023-04-16 14:27:03,123 [ERROR] Updater:1105 - MainUpdater not yet initialized. External WinMGr cannot be set.
2023-04-16 14:27:03,145 [INFO] Updater:1041 - Updater Version found : 6.6.1
2023-04-16 14:27:03,171 [INFO] ApplicationProperties:181 - Using Application install path: /Applications/STM32CubeIDE.app/Contents/Eclipse/plugins/com.st.stm32cube.common.mx_6.6.1.202207061420
2023-04-16 14:27:03,440 [INFO] MainUpdater:2768 - connection check result : 10
2023-04-16 14:27:03,441 [INFO] MainUpdater:280 - Updater Check For Update Now.
2023-04-16 14:27:03,443 [INFO] MicroXplorer:481 - Change Database Version : DB.6.0.60
2023-04-16 14:27:03,602 [WARN] MainUpdater:1184 - Updater busy. Cannot search thirdparties
2023-04-16 14:27:03,602 [INFO] ThirdPartyUpdaterWithRetryManager:96 - Updater plugin is busy. [1/15]
2023-04-16 14:27:03,651 [INFO] CheckServerUpdateThread:119 - End of CheckServer Thread
2023-04-16 14:27:03,656 [INFO] MainUpdater:2768 - connection check result : 10
2023-04-16 14:27:03,658 [INFO] MainUpdater:2768 - connection check result : 10
2023-04-16 14:27:04,821 [INFO] MicroXplorer:451 - Change Database Path : 
2023-04-16 14:27:04,822 [INFO] MicroXplorer:481 - Change Database Version : DB.6.0.60
2023-04-16 14:27:04,824 [WARN] ThirdParty:827 - waiting for thirdparty lock release [close project]
2023-04-16 14:27:06,780 [WARN] PackLoader:242 - Cannot read IP mode file for STMicroelectronics.X-CUBE-GNSS1.6.0.0
2023-04-16 14:27:06,847 [WARN] PackLoader:242 - Cannot read IP mode file for STMicroelectronics.X-CUBE-AZRTOS-F4.1.1.0
2023-04-16 14:27:06,944 [WARN] PackLoader:242 - Cannot read IP mode file for STMicroelectronics.X-CUBE-SMBUS.2.1.0
2023-04-16 14:27:07,015 [WARN] PackLoader:242 - Cannot read IP mode file for STMicroelectronics.X-CUBE-AZRTOS-F7.1.1.0
2023-04-16 14:27:07,063 [WARN] PackLoader:242 - Cannot read IP mode file for STMicroelectronics.X-CUBE-BLE1.6.2.3
2023-04-16 14:27:07,093 [WARN] PackLoader:242 - Cannot read IP mode file for STMicroelectronics.X-CUBE-BLE1.6.2.4
2023-04-16 14:27:07,228 [WARN] PackLoader:242 - Cannot read IP mode file for STMicroelectronics.X-CUBE-BLEMGR.2.0.0
2023-04-16 14:27:07,282 [WARN] PackLoader:242 - Cannot read IP mode file for STMicroelectronics.X-CUBE-NFC4.2.0.4
2023-04-16 14:27:07,376 [WARN] ConditionMgr:437 - getConditionDescription Invalid condition id : UX DEVICE CLASS RTOS Condition cause : null
2023-04-16 14:27:07,377 [WARN] ConditionMgr:437 - getConditionDescription Invalid condition id : UX DEVICE CLASS RTOS Condition cause : null
2023-04-16 14:27:07,393 [WARN] PackLoader:242 - Cannot read IP mode file for STMicroelectronics.X-CUBE-AZRTOS-H7.3.1.0
2023-04-16 14:27:07,396 [WARN] ConditionMgr:1038 - genDependencies : Invalid condition id : UX DEVICE CLASS RTOS Condition cause : null
2023-04-16 14:27:07,397 [WARN] ConditionMgr:1038 - genDependencies : Invalid condition id : UX DEVICE CLASS RTOS Condition cause : null
2023-04-16 14:27:07,400 [WARN] ConditionMgr:1038 - genDependencies : Invalid condition id : UX DEVICE CLASS RTOS Condition cause : null
2023-04-16 14:27:07,401 [WARN] ConditionMgr:1038 - genDependencies : Invalid condition id : UX DEVICE CLASS RTOS Condition cause : null
2023-04-16 14:27:07,401 [WARN] ConditionMgr:1038 - genDependencies : Invalid condition id : UX DEVICE CLASS RTOS Condition cause : null
2023-04-16 14:27:07,438 [WARN] PackLoader:242 - Cannot read IP mode file for STMicroelectronics.X-CUBE-TOF1.3.1.0
2023-04-16 14:27:07,490 [WARN] PackLoader:242 - Cannot read IP mode file for STMicroelectronics.X-CUBE-DISPLAY.3.0.0
2023-04-16 14:27:07,524 [WARN] PackLoader:242 - Cannot read IP mode file for wolfSSL.I-CUBE-wolfSSL.5.5.0
2023-04-16 14:27:07,538 [WARN] PackLoader:242 - Cannot read IP mode file for STMicroelectronics.X-CUBE-NFC7.1.0.0
2023-04-16 14:27:07,637 [WARN] PackLoader:242 - Cannot read IP mode file for STMicroelectronics.X-CUBE-MEMS1.9.3.0
2023-04-16 14:27:07,797 [WARN] PackLoader:242 - Cannot read IP mode file for STMicroelectronics.X-CUBE-EEPRMA1.4.1.0
2023-04-16 14:27:07,808 [WARN] PackLoader:242 - Cannot read IP mode file for STMicroelectronics.X-CUBE-AI.7.2.0
2023-04-16 14:27:07,839 [WARN] PackLoader:242 - Cannot read IP mode file for WES.I-CUBE-Cesium.1.3.0
2023-04-16 14:27:07,859 [WARN] PackLoader:242 - Cannot read IP mode file for STMicroelectronics.X-CUBE-SFXS2LP1.4.0.0
2023-04-16 14:27:07,872 [WARN] PackLoader:242 - Cannot read IP mode file for STMicroelectronics.X-CUBE-BLE2.3.3.0
2023-04-16 14:27:07,883 [WARN] PackLoader:242 - Cannot read IP mode file for STMicroelectronics.X-CUBE-DISPLAY.2.2.0
2023-04-16 14:27:07,907 [WARN] PackLoader:242 - Cannot read IP mode file for STMicroelectronics.X-CUBE-TOF1.3.2.0
2023-04-16 14:27:08,012 [WARN] PackLoader:242 - Cannot read IP mode file for STMicroelectronics.X-CUBE-AZRTOS-H7.3.0.0
2023-04-16 14:27:08,029 [WARN] PackLoader:242 - Cannot read IP mode file for STMicroelectronics.X-CUBE-ISPU.1.0.0
2023-04-16 14:27:08,037 [WARN] PackLoader:242 - Cannot read IP mode file for STMicroelectronics.X-CUBE-ISPU.1.1.0
2023-04-16 14:27:08,065 [WARN] PackLoader:242 - Cannot read IP mode file for RoweBots.I-CUBE-UNISONRTOS.5.5.0-4
2023-04-16 14:27:08,101 [WARN] PackLoader:242 - Cannot read IP mode file for STMicroelectronics.X-CUBE-AZRTOS-H7.2.1.0
2023-04-16 14:27:08,121 [WARN] PackLoader:242 - Cannot read IP mode file for STMicroelectronics.X-CUBE-AI.8.0.0
2023-04-16 14:27:08,132 [WARN] PackLoader:242 - Cannot read IP mode file for STMicroelectronics.X-CUBE-FREERTOS.1.0.0
2023-04-16 14:27:08,136 [WARN] PackLoader:242 - Cannot read IP mode file for STMicroelectronics.X-CUBE-FREERTOS.1.0.1
2023-04-16 14:27:08,142 [WARN] PackLoader:242 - Cannot read IP mode file for STMicroelectronics.X-CUBE-TOUCHGFX.4.21.1
2023-04-16 14:27:08,147 [WARN] PackLoader:242 - Cannot read IP mode file for STMicroelectronics.X-CUBE-TOUCHGFX.4.21.3
2023-04-16 14:27:08,159 [WARN] PackLoader:242 - Cannot read IP mode file for STMicroelectronics.X-CUBE-BLEMGR.1.0.0
2023-04-16 14:27:08,168 [WARN] PackLoader:242 - Cannot read IP mode file for STMicroelectronics.X-CUBE-ALGOBUILD.1.3.0
2023-04-16 14:27:08,195 [WARN] PackLoader:242 - Cannot read IP mode file for STMicroelectronics.X-CUBE-AZRTOS-L5.1.1.0
2023-04-16 14:27:08,227 [WARN] PackLoader:242 - Cannot read IP mode file for STMicroelectronics.X-CUBE-AZRTOS-G0.1.1.0
2023-04-16 14:27:08,243 [WARN] PackLoader:242 - Cannot read IP mode file for STMicroelectronics.X-CUBE-SUBG2.5.0.0
2023-04-16 14:27:08,254 [WARN] PackLoader:242 - Cannot read IP mode file for STMicroelectronics.X-CUBE-NFC4.3.0.0
2023-04-16 14:27:08,331 [WARN] PackLoader:242 - Cannot read IP mode file for SEGGER.I-CUBE-embOS.1.2.0
2023-04-16 14:27:08,391 [WARN] PackLoader:242 - Cannot read IP mode file for STMicroelectronics.X-CUBE-TOF1.3.3.0
2023-04-16 14:27:08,404 [WARN] PackLoader:242 - Cannot read IP mode file for STMicroelectronics.FP-ATR-ASTRA1.1.1.1
2023-04-16 14:27:08,422 [WARN] PackLoader:242 - Cannot read IP mode file for STMicroelectronics.X-CUBE-AZRTOS-G4.1.0.0
2023-04-16 14:27:08,428 [WARN] PackLoader:242 - Cannot read IP mode file for STMicroelectronics.FP-ATR-SIGFOX1.3.2.0
2023-04-16 14:27:08,452 [WARN] PackLoader:242 - Cannot read IP mode file for STMicroelectronics.X-CUBE-AZRTOS-L4.1.0.0
2023-04-16 14:27:08,468 [WARN] PackLoader:242 - Cannot read IP mode file for emotas.I-CUBE-CANOPEN.1.1.2
2023-04-16 14:27:08,472 [WARN] PackLoader:242 - Cannot read IP mode file for STMicroelectronics.X-CUBE-TOUCHGFX.4.20.0
2023-04-16 14:27:08,486 [WARN] PackLoader:242 - Cannot read IP mode file for STMicroelectronics.X-CUBE-AZRTOS-WL.1.0.0
2023-04-16 14:27:08,494 [WARN] PackLoader:242 - Cannot read IP mode file for portGmbH.I-Cube-SoM-uGOAL.1.1.0
2023-04-16 14:27:08,498 [WARN] PackLoader:242 - Cannot read IP mode file for STMicroelectronics.X-CUBE-ALS.1.0.1
2023-04-16 14:27:08,594 [WARN] PackLoader:242 - Cannot read IP mode file for STMicroelectronics.X-CUBE-MEMS1.9.5.0
2023-04-16 14:27:08,768 [WARN] PackLoader:242 - Cannot read IP mode file for STMicroelectronics.X-CUBE-AZRTOS-WB.1.1.0
2023-04-16 14:27:08,832 [WARN] PackLoader:242 - Cannot read IP mode file for SEGGER.I-CUBE-embOS.1.3.1
2023-04-16 14:27:08,902 [WARN] PackLoader:242 - Cannot read IP mode file for STMicroelectronics.X-CUBE-AZRTOS-L5.1.0.0
2023-04-16 14:27:08,912 [WARN] PackLoader:242 - Cannot read IP mode file for STMicroelectronics.X-CUBE-EEPRMA1.3.1.1
2023-04-16 14:27:08,916 [WARN] PackLoader:242 - Cannot read IP mode file for STMicroelectronics.FP-ATR-ASTRA1.2.0.0
2023-04-16 14:27:08,926 [INFO] ThirdParty:929 - Integrity check success = true
2023-04-16 14:27:08,926 [INFO] IntegrityCheckThread:98 - exiting critical section [integrity check]
2023-04-16 14:27:08,926 [INFO] IntegrityCheckThread:101 - End integrity checks thread
2023-04-16 14:27:08,926 [INFO] ThirdParty:829 - entering critical section [close project]
2023-04-16 14:27:08,934 [INFO] ThirdParty:839 - exiting critical section [close project]
2023-04-16 14:27:08,963 [INFO] PinOutPanel:1468 - setPackage(No Configuration,No Configuration)
2023-04-16 14:27:08,994 [INFO] UtilMem:74 - Begin LoadConfig() Used Memory: 446523704 Bytes (463470592)
2023-04-16 14:27:09,000 [INFO] MicroXplorer:451 - Change Database Path : 
2023-04-16 14:27:09,000 [INFO] MicroXplorer:481 - Change Database Version : DB.6.0.60
2023-04-16 14:27:09,001 [INFO] OpenFileManager:307 - Change cursor
2023-04-16 14:27:09,130 [INFO] Mcu:1922 - Initializing MCU STM32F446R(C-E)Tx STM32F446RETx STM32F446RET6
2023-04-16 14:27:11,794 [INFO] Context:654 - Trying to add GPIOservice into a context  which must be forbidden
2023-04-16 14:27:12,851 [WARN] ApiManager:308 - Cannot register API 'Board Extension:GNSS1A1' from pack STMicroelectronics.X-CUBE-GNSS1.6.0.0: no header file found
2023-04-16 14:27:12,855 [WARN] ApiManager:308 - Cannot register API 'Board Support:Custom' from pack STMicroelectronics.X-CUBE-GNSS1.6.0.0: no header file found
2023-04-16 14:27:12,856 [WARN] ApiManager:308 - Cannot register API 'Data Exchange:lib_gnss' from pack STMicroelectronics.X-CUBE-GNSS1.6.0.0: no header file found
2023-04-16 14:27:12,883 [WARN] ApiManager:308 - Cannot register API 'Wireless:BlueNRG-MS' from pack STMicroelectronics.X-CUBE-BLE1.6.2.3: no header file found
2023-04-16 14:27:12,886 [WARN] ApiManager:308 - Cannot register API 'Wireless:BlueNRG-MS' from pack STMicroelectronics.X-CUBE-BLE1.6.2.4: no header file found
2023-04-16 14:27:12,891 [INFO] RtosManager:488 - Registered RTOS mode: class=CMSIS, group=RTOS, mode=CMSIS_V1, owner=FREERTOS
2023-04-16 14:27:12,891 [INFO] RtosManager:488 - Registered RTOS mode: class=CMSIS, group=RTOS2, mode=CMSIS_V2, owner=FREERTOS
2023-04-16 14:27:12,891 [INFO] RtosManager:488 - Registered RTOS mode: class=RTOS, group=Core, mode=CMSIS_V1, owner=FREERTOS
2023-04-16 14:27:12,891 [INFO] RtosManager:488 - Registered RTOS mode: class=RTOS, group=Core, mode=CMSIS_V2, owner=FREERTOS
2023-04-16 14:27:12,892 [WARN] ModelIntegratedComponent:185 - Missing modes for component STMicroelectronics:FreeRTOS:0.0.1:STMicroelectronics:RTOS:FreeRTOS:Core:::10.2.0:
2023-04-16 14:27:12,905 [WARN] ApiManager:308 - Cannot register API 'Board Extension:S2868A1' from pack STMicroelectronics.X-CUBE-SUBG2.5.0.0: no header file found
2023-04-16 14:27:12,905 [WARN] ApiManager:308 - Cannot register API 'Board Extension:S2868A2' from pack STMicroelectronics.X-CUBE-SUBG2.5.0.0: no header file found
2023-04-16 14:27:12,905 [WARN] ApiManager:308 - Cannot register API 'Board Extension:S2915A1' from pack STMicroelectronics.X-CUBE-SUBG2.5.0.0: no header file found
2023-04-16 14:27:12,911 [WARN] ApiManager:308 - Cannot register API 'Board Extension:NFC04A1' from pack STMicroelectronics.X-CUBE-NFC4.3.0.0: no header file found
2023-04-16 14:27:12,925 [WARN] ApiManager:308 - Cannot register API 'Board Extension:NFC04A1' from pack STMicroelectronics.X-CUBE-NFC4.2.0.4: no header file found
2023-04-16 14:27:12,965 [WARN] ModelIntegratedComponent:64 - No mode defined for component null
2023-04-16 14:27:12,965 [WARN] ModelIntegratedComponent:64 - No mode defined for component null
2023-04-16 14:27:12,966 [WARN] ModelIntegratedComponent:64 - No mode defined for component null
2023-04-16 14:27:12,966 [WARN] ModelIntegratedComponent:64 - No mode defined for component null
2023-04-16 14:27:12,966 [WARN] ModelIntegratedComponent:64 - No mode defined for component null
2023-04-16 14:27:12,966 [WARN] ModelIntegratedComponent:64 - No mode defined for component null
2023-04-16 14:27:12,966 [WARN] ModelIntegratedComponent:64 - No mode defined for component null
2023-04-16 14:27:12,966 [WARN] ModelIntegratedComponent:64 - No mode defined for component null
2023-04-16 14:27:12,966 [WARN] ModelIntegratedComponent:64 - No mode defined for component null
2023-04-16 14:27:12,966 [WARN] ModelIntegratedComponent:64 - No mode defined for component null
2023-04-16 14:27:12,967 [WARN] ModelIntegratedComponent:64 - No mode defined for component null
2023-04-16 14:27:12,967 [WARN] ModelIntegratedComponent:64 - No mode defined for component null
2023-04-16 14:27:12,967 [WARN] ModelIntegratedComponent:64 - No mode defined for component null
2023-04-16 14:27:12,967 [WARN] ModelIntegratedComponent:64 - No mode defined for component null
2023-04-16 14:27:12,967 [WARN] ModelIntegratedComponent:64 - No mode defined for component null
2023-04-16 14:27:12,967 [WARN] ModelIntegratedComponent:64 - No mode defined for component null
2023-04-16 14:27:12,967 [WARN] ModelIntegratedComponent:64 - No mode defined for component null
2023-04-16 14:27:12,967 [WARN] ModelIntegratedComponent:64 - No mode defined for component null
2023-04-16 14:27:12,967 [WARN] ModelIntegratedComponent:64 - No mode defined for component null
2023-04-16 14:27:12,967 [WARN] ModelIntegratedComponent:64 - No mode defined for component null
2023-04-16 14:27:12,967 [WARN] ModelIntegratedComponent:64 - No mode defined for component null
2023-04-16 14:27:12,967 [WARN] ModelIntegratedComponent:64 - No mode defined for component null
2023-04-16 14:27:12,967 [WARN] ModelIntegratedComponent:64 - No mode defined for component null
2023-04-16 14:27:12,967 [WARN] ModelIntegratedComponent:64 - No mode defined for component null
2023-04-16 14:27:12,968 [WARN] ModelIntegratedComponent:64 - No mode defined for component null
2023-04-16 14:27:12,968 [WARN] ModelIntegratedComponent:64 - No mode defined for component null
2023-04-16 14:27:12,968 [WARN] ModelIntegratedComponent:64 - No mode defined for component null
2023-04-16 14:27:12,968 [WARN] ModelIntegratedComponent:64 - No mode defined for component null
2023-04-16 14:27:12,968 [WARN] ModelIntegratedComponent:64 - No mode defined for component null
2023-04-16 14:27:12,968 [WARN] ModelIntegratedComponent:64 - No mode defined for component null
2023-04-16 14:27:12,968 [WARN] ModelIntegratedComponent:64 - No mode defined for component null
2023-04-16 14:27:12,968 [WARN] ModelIntegratedComponent:64 - No mode defined for component null
2023-04-16 14:27:12,968 [WARN] ModelIntegratedComponent:64 - No mode defined for component null
2023-04-16 14:27:12,971 [WARN] ApiManager:308 - Cannot register API 'Board Extension:NFC07A1' from pack STMicroelectronics.X-CUBE-NFC7.1.0.0: no header file found
2023-04-16 14:27:13,014 [WARN] ApiManager:308 - Cannot register API 'Board Extension:IKS01A3' from pack STMicroelectronics.X-CUBE-MEMS1.9.3.0: no header file found
2023-04-16 14:27:13,014 [WARN] ApiManager:308 - Cannot register API 'Board Extension:IKS01A2' from pack STMicroelectronics.X-CUBE-MEMS1.9.3.0: no header file found
2023-04-16 14:27:13,014 [WARN] ApiManager:308 - Cannot register API 'Board Extension:IKS02A1' from pack STMicroelectronics.X-CUBE-MEMS1.9.3.0: no header file found
2023-04-16 14:27:13,026 [WARN] ApiManager:308 - Cannot register API 'Board Extension:EEPRMA1' from pack STMicroelectronics.X-CUBE-EEPRMA1.4.1.0: no header file found
2023-04-16 14:27:13,026 [WARN] ApiManager:308 - Cannot register API 'Board Extension:EEPRMA2' from pack STMicroelectronics.X-CUBE-EEPRMA1.4.1.0: no header file found
2023-04-16 14:27:13,026 [WARN] ApiManager:308 - Cannot register API 'Board Extension:PGEEZ1' from pack STMicroelectronics.X-CUBE-EEPRMA1.4.1.0: no header file found
2023-04-16 14:27:13,026 [WARN] ApiManager:308 - Cannot register API 'Board Part:M24' from pack STMicroelectronics.X-CUBE-EEPRMA1.4.1.0: no header file found
2023-04-16 14:27:13,026 [WARN] ApiManager:308 - Cannot register API 'Board Part:M95' from pack STMicroelectronics.X-CUBE-EEPRMA1.4.1.0: no header file found
2023-04-16 14:27:13,027 [WARN] ApiManager:308 - Cannot register API 'Board Part:M95P32' from pack STMicroelectronics.X-CUBE-EEPRMA1.4.1.0: no header file found
2023-04-16 14:27:13,027 [WARN] ApiManager:308 - Cannot register API 'PGEEZ1:SPI' from pack STMicroelectronics.X-CUBE-EEPRMA1.4.1.0: no header file found
2023-04-16 14:27:13,027 [WARN] ApiManager:308 - Cannot register API 'PGEEZ1:QDSPI' from pack STMicroelectronics.X-CUBE-EEPRMA1.4.1.0: no header file found
2023-04-16 14:27:13,071 [WARN] ApiManager:308 - Cannot register API 'Board Extension:IKS01A3' from pack STMicroelectronics.X-CUBE-MEMS1.9.5.0: no header file found
2023-04-16 14:27:13,071 [WARN] ApiManager:308 - Cannot register API 'Board Extension:IKS01A2' from pack STMicroelectronics.X-CUBE-MEMS1.9.5.0: no header file found
2023-04-16 14:27:13,071 [WARN] ApiManager:308 - Cannot register API 'Board Extension:IKS02A1' from pack STMicroelectronics.X-CUBE-MEMS1.9.5.0: no header file found
2023-04-16 14:27:13,078 [WARN] ApiManager:308 - Cannot register API 'Board Extension:EEPRMA1' from pack STMicroelectronics.X-CUBE-EEPRMA1.3.1.1: no header file found
2023-04-16 14:27:13,079 [WARN] ApiManager:308 - Cannot register API 'Board Extension:EEPRMA2' from pack STMicroelectronics.X-CUBE-EEPRMA1.3.1.1: no header file found
2023-04-16 14:27:13,079 [WARN] ApiManager:308 - Cannot register API 'Board Extension:S2868A1' from pack STMicroelectronics.X-CUBE-SFXS2LP1.4.0.0: no header file found
2023-04-16 14:27:13,080 [WARN] ApiManager:308 - Cannot register API 'Board Extension:S2868A2' from pack STMicroelectronics.X-CUBE-SFXS2LP1.4.0.0: no header file found
2023-04-16 14:27:13,080 [WARN] ApiManager:308 - Cannot register API 'Board Extension:S2915A1' from pack STMicroelectronics.X-CUBE-SFXS2LP1.4.0.0: no header file found
2023-04-16 14:27:13,080 [WARN] ApiManager:308 - Cannot register API 'Wireless:BlueNRG-2' from pack STMicroelectronics.X-CUBE-BLE2.3.3.0: no header file found
2023-04-16 14:27:13,097 [INFO] ThirdPartyModel:289 - Start build external matchings
2023-04-16 14:27:13,442 [INFO] ThirdPartyModel:302 - End build external matchings
2023-04-16 14:27:13,493 [INFO] ImportTextPane:193 - (OptionalMessage_ERROR) IP (RCC) : Invalid parameter (48MHZClocksFreq_Value)
2023-04-16 14:27:13,497 [INFO] ImportTextPane:193 - (OptionalMessage_ERROR) IP (RCC) : Invalid parameter (EthernetFreq_Value)
2023-04-16 14:27:13,506 [INFO] ImportTextPane:193 - (OptionalMessage_ERROR) IP (RCC) : Parameter (FLatency) has Id (AdvancedSettings) currently not set
2023-04-16 14:27:13,506 [INFO] ImportTextPane:193 - (OptionalMessage_ERROR) IP (RCC) : Invalid parameter (FamilyName)
2023-04-16 14:27:13,506 [INFO] ImportTextPane:193 - (OptionalMessage_ERROR) IP (RCC) : Invalid parameter (I2SClocksFreq_Value)
2023-04-16 14:27:13,506 [INFO] ImportTextPane:193 - (OptionalMessage_ERROR) IP (RCC) : Parameter (MCO2PinFreq_Value) has invalid value (160000000)
2023-04-16 14:27:13,512 [INFO] ImportTextPane:193 - (OptionalMessage_ERROR) IP (RCC) : Parameter (SDIOFreq_Value) has invalid value (160000000)
2023-04-16 14:27:13,512 [INFO] ImportTextPane:193 - (OptionalMessage_ERROR) IP (RCC) : Parameter (USBFreq_Value) has invalid value (160000000)
2023-04-16 14:27:13,513 [INFO] ImportTextPane:193 - (OptionalMessage_ERROR) IP (RCC) : Invalid parameter (VCOInputMFreq_Value)
2023-04-16 14:27:13,513 [INFO] ImportTextPane:193 - (OptionalMessage_ERROR) IP (RCC) : Invalid parameter (VcooutputI2S)
2023-04-16 14:27:13,922 [INFO] UtilMem:74 - End LoadConfig() Used Memory: 491403784 Bytes (573571072)
2023-04-16 14:27:14,434 [INFO] ApiDb:576 - Connected to CubeFinder SQLite database (/Users/sshashi/.stmcufinder/plugins/mcufinder/mcu/cube-finder-db.db)
2023-04-16 14:27:14,461 [INFO] ApiDb:663 - CubeFinder database Data Model version=2.1
2023-04-16 14:27:14,461 [INFO] ApiDb:664 - CubeFinder database Configuration version=3.0.32
2023-04-16 14:27:14,462 [INFO] ApiDb:665 - CubeFinder database generation date=2022-08-05 (1659688109)
2023-04-16 14:27:14,463 [INFO] ApiDb:666 - CubeFinder database FW Pack versions=[STM32Cube_FW_C0_V1.0.0, STM32Cube_FW_F4_V1.27.1, STM32Cube_FW_F7_V1.17.0, STM32Cube_FW_G0_V1.6.1, STM32Cube_FW_G4_V1.5.0, STM32Cube_FW_H7_V1.10.0, STM32Cube_FW_L5_V1.4.0, STM32Cube_FW_U5_V1.1.1, STM32Cube_FW_WB_V1.14.1, STM32Cube_FW_WL_V1.2.0, X-CUBE-ALGOBUILD_V1.3.0, X-CUBE-ALS_V1.0.1, X-CUBE-AZRTOS-F4_V1.1.0, X-CUBE-AZRTOS-F7_V1.1.0, X-CUBE-AZRTOS-G0_V1.1.0, X-CUBE-AZRTOS-G4_V1.0.0, X-CUBE-AZRTOS-H7_V2.1.0, X-CUBE-AZRTOS-L4_V1.0.0, X-CUBE-AZRTOS-L5_V1.0.0, X-CUBE-AZRTOS-WL_V1.0.0, X-CUBE-BLE1_V6.2.3, X-CUBE-BLE2_V3.3.0, X-CUBE-EEPRMA1_V3.1.1, X-CUBE-GNSS1_V6.0.0, X-CUBE-MEMS1_V9.1.0, X-CUBE-MEMS1_V9.3.0, X-CUBE-NFC4_V2.0.4, X-CUBE-NFC7_V1.0.0, X-CUBE-SFXS2LP1_V4.0.0, X-CUBE-SUBG2_V5.0.0]
2023-04-16 14:27:15,690 [INFO] ApiDb:239 - Found 138 in-development CPN: [B-WB1M-WPAN1, NUCLEO-C031C6, STEVAL-STWINBX1, STM320518-EVAL, STM32C0116-DK, STM32C011D6Y3TR, STM32C011D6Y6TR, STM32C011F4P3, STM32C011F4P6, STM32C011F4U3, STM32C011F4U6TR, STM32C011F6P3, STM32C011F6P6, STM32C011F6U3, STM32C011F6U6TR, STM32C011J4M3, STM32C011J4M6, STM32C011J6M3, STM32C011J6M6, STM32C0316-DK, STM32C031C4T3, STM32C031C4T6, STM32C031C4U3, STM32C031C4U6, STM32C031C6T3, STM32C031C6T6, STM32C031C6U3, STM32C031C6U6, STM32C031F4P3, STM32C031F4P6, STM32C031F6P3, STM32C031F6P6, STM32C031G4U3, STM32C031G4U6, STM32C031G6U3, STM32C031G6U6, STM32C031K4T3, STM32C031K4T6, STM32C031K4U3, STM32C031K4U6, STM32C031K6T3, STM32C031K6T6, STM32C031K6U3, STM32C031K6U6, STM32G071K8TXN, STM32G071K8UXN, STM32G081GBU6N, STM32G081KBT6N, STM32G081KBUXN, STM32G0B1CCT6N, STM32G0B1KCT6, STM32G0B1NEY6TR, STM32G0B1RCT6N, STM32G0C1CCT6, STM32G0C1CCT6N, STM32G0C1CCU6N, STM32G0C1CET6N, STM32G0C1CEU6N, STM32G0C1KCT6, STM32G0C1NEY6TR, STM32G0C1RCI6N, STM32G0C1RCT6N, STM32G0C1REI6N, STM32G0C1RET6N, STM32G0C1VCI6, STM32G0C1VEI6, STM32G471CCT6, STM32G471CCU6, STM32G471CET3, STM32G471CET6, STM32G471CEU3, STM32G471CEU6, STM32G471MCT6, STM32G471MET3, STM32G471MET6, STM32G471MEY6TR, STM32G471QCT6, STM32G471QET3, STM32G471RCT6, STM32G471RET3, STM32G471RET6, STM32G471VCH6, STM32G471VCI6, STM32G471VCT6, STM32G471VEH3, STM32G471VEH6, STM32G471VEI3, STM32G471VEI6, STM32G471VET3, STM32G471VET6, STM32G474CCT6, STM32L476VGY6PTR, STM32L4R5QGI6STR, STM32MP131AAE3, STM32MP131AAF3, STM32MP131AAG3, STM32MP131CAE3, STM32MP131CAF3, STM32MP131CAG3, STM32MP131DAE7, STM32MP131DAF7, STM32MP131DAG7, STM32MP131FAE7, STM32MP131FAF7, STM32MP131FAG7, STM32MP133AAE3, STM32MP133AAF3, STM32MP133AAG3, STM32MP133CAE3, STM32MP133CAF3, STM32MP133CAG3, STM32MP133DAE7, STM32MP133DAF7, STM32MP133DAG7, STM32MP133FAE7, STM32MP133FAF7, STM32MP133FAG7, STM32MP135AAE3, STM32MP135AAF3, STM32MP135AAG3, STM32MP135CAE3, STM32MP135CAF3, STM32MP135CAG3, STM32MP135DAE7, STM32MP135DAF7, STM32MP135DAG7, STM32MP135F-DK, STM32MP135FAE7, STM32MP135FAF7, STM32MP135FAG7, STM32U595ZJT6Q, STM32U599BJY6QTR, STM32U599NIH6Q, STM32U599NJH6Q, STM32U5A5ZJT6Q, STM32U5A9BJY6QTR, STM32U5A9NJH6Q, STM32WB1MMCH6]
2023-04-16 14:27:15,693 [INFO] DbMcus:215 - Found 3542 MCUs, 3542 are supported
2023-04-16 14:27:15,696 [INFO] ApiDb:418 - Load user favorites file /Users/sshashi/.stm32cubeide/favorites.mcus.txt: 0 item(s)
2023-04-16 14:27:15,696 [INFO] ApiDb:422 - User favorites MCUs=[]
2023-04-16 14:27:15,696 [INFO] DbMcus:221 - Set 0 / 0 favorites MCUs
2023-04-16 14:27:15,739 [WARN] ThirdParty:789 - waiting for thirdparty lock release [change project]
2023-04-16 14:27:15,739 [INFO] ThirdParty:791 - entering critical section [change project]
2023-04-16 14:27:15,741 [INFO] ThirdParty:981 - CMSIS Pack Vendor :STMicroelectronics X-CUBE-ISPU 1.1.0
2023-04-16 14:27:15,741 [INFO] ThirdParty:981 - CMSIS Pack Vendor :RoweBots I-CUBE-UNISONRTOS 5.5.0-4
2023-04-16 14:27:15,741 [INFO] ThirdParty:981 - CMSIS Pack Vendor :STMicroelectronics X-CUBE-GNSS1 6.0.0
2023-04-16 14:27:15,742 [INFO] ThirdParty:981 - CMSIS Pack Vendor :STMicroelectronics X-CUBE-AZRTOS-H7 2.1.0
2023-04-16 14:27:15,742 [INFO] ThirdParty:981 - CMSIS Pack Vendor :STMicroelectronics USB_HOST 2.0.0
2023-04-16 14:27:15,742 [INFO] ThirdParty:981 - CMSIS Pack Vendor :STMicroelectronics X-CUBE-AZRTOS-F4 1.1.0
2023-04-16 14:27:15,742 [INFO] ThirdParty:981 - CMSIS Pack Vendor :STMicroelectronics LIBJPEG 8.0.0
2023-04-16 14:27:15,742 [INFO] ThirdParty:981 - CMSIS Pack Vendor :STMicroelectronics X-CUBE-SMBUS 2.1.0
2023-04-16 14:27:15,742 [INFO] ThirdParty:981 - CMSIS Pack Vendor :STMicroelectronics USB_DEVICE 3.0.0
2023-04-16 14:27:15,743 [INFO] ThirdParty:981 - CMSIS Pack Vendor :STMicroelectronics X-CUBE-AI 8.0.0
2023-04-16 14:27:15,743 [INFO] ThirdParty:981 - CMSIS Pack Vendor :STMicroelectronics X-CUBE-FREERTOS 1.0.0
2023-04-16 14:27:15,743 [INFO] ThirdParty:981 - CMSIS Pack Vendor :STMicroelectronics X-CUBE-FREERTOS 1.0.1
2023-04-16 14:27:15,743 [INFO] ThirdParty:981 - CMSIS Pack Vendor :STMicroelectronics X-CUBE-TOUCHGFX 4.21.1
2023-04-16 14:27:15,744 [INFO] ThirdParty:981 - CMSIS Pack Vendor :STMicroelectronics X-CUBE-TOUCHGFX 4.21.3
2023-04-16 14:27:15,744 [INFO] ThirdParty:981 - CMSIS Pack Vendor :STMicroelectronics X-CUBE-BLEMGR 1.0.0
2023-04-16 14:27:15,744 [INFO] ThirdParty:981 - CMSIS Pack Vendor :STMicroelectronics X-CUBE-AZRTOS-F7 1.1.0
2023-04-16 14:27:15,744 [INFO] ThirdParty:981 - CMSIS Pack Vendor :STMicroelectronics USB_DEVICE 2.0.0
2023-04-16 14:27:15,744 [INFO] ThirdParty:981 - CMSIS Pack Vendor :STMicroelectronics X-CUBE-BLE1 6.2.3
2023-04-16 14:27:15,744 [INFO] ThirdParty:981 - CMSIS Pack Vendor :STMicroelectronics X-CUBE-ALGOBUILD 1.3.0
2023-04-16 14:27:15,744 [INFO] ThirdParty:981 - CMSIS Pack Vendor :STMicroelectronics X-CUBE-BLE1 6.2.4
2023-04-16 14:27:15,744 [INFO] ThirdParty:981 - CMSIS Pack Vendor :STMicroelectronics X-CUBE-AZRTOS-L5 1.1.0
2023-04-16 14:27:15,745 [INFO] ThirdParty:981 - CMSIS Pack Vendor :STMicroelectronics FreeRTOS 0.0.1
2023-04-16 14:27:15,745 [INFO] ThirdParty:981 - CMSIS Pack Vendor :STMicroelectronics X-CUBE-AZRTOS-G0 1.1.0
2023-04-16 14:27:15,745 [INFO] ThirdParty:981 - CMSIS Pack Vendor :STMicroelectronics X-CUBE-BLEMGR 2.0.0
2023-04-16 14:27:15,745 [INFO] ThirdParty:981 - CMSIS Pack Vendor :STMicroelectronics X-CUBE-SUBG2 5.0.0
2023-04-16 14:27:15,745 [INFO] ThirdParty:981 - CMSIS Pack Vendor :STMicroelectronics X-CUBE-NFC4 3.0.0
2023-04-16 14:27:15,745 [INFO] ThirdParty:981 - CMSIS Pack Vendor :SEGGER I-CUBE-embOS 1.2.0
2023-04-16 14:27:15,745 [INFO] ThirdParty:981 - CMSIS Pack Vendor :STMicroelectronics STM32_WPAN 1.0.0
2023-04-16 14:27:15,746 [INFO] ThirdParty:981 - CMSIS Pack Vendor :STMicroelectronics lwIP 2.0.3
2023-04-16 14:27:15,746 [INFO] ThirdParty:981 - CMSIS Pack Vendor :STMicroelectronics X-CUBE-NFC4 2.0.4
2023-04-16 14:27:15,746 [INFO] ThirdParty:981 - CMSIS Pack Vendor :STMicroelectronics USB_HOST 1.0.0
2023-04-16 14:27:15,746 [INFO] ThirdParty:981 - CMSIS Pack Vendor :STMicroelectronics PDM2PCM 3.1.0
2023-04-16 14:27:15,746 [INFO] ThirdParty:981 - CMSIS Pack Vendor :STMicroelectronics X-CUBE-AZRTOS-H7 3.1.0
2023-04-16 14:27:15,746 [INFO] ThirdParty:981 - CMSIS Pack Vendor :STMicroelectronics X-CUBE-TOF1 3.3.0
2023-04-16 14:27:15,746 [INFO] ThirdParty:981 - CMSIS Pack Vendor :STMicroelectronics FP-ATR-ASTRA1 1.1.1
2023-04-16 14:27:15,747 [INFO] ThirdParty:981 - CMSIS Pack Vendor :STMicroelectronics PDM2PCM 3.3.0
2023-04-16 14:27:15,747 [INFO] ThirdParty:981 - CMSIS Pack Vendor :STMicroelectronics X-CUBE-TOF1 3.1.0
2023-04-16 14:27:15,747 [INFO] ThirdParty:981 - CMSIS Pack Vendor :STMicroelectronics X-CUBE-DISPLAY 3.0.0
2023-04-16 14:27:15,749 [INFO] ThirdParty:981 - CMSIS Pack Vendor :STMicroelectronics X-CUBE-AZRTOS-G4 1.0.0
2023-04-16 14:27:15,751 [INFO] ThirdParty:981 - CMSIS Pack Vendor :STMicroelectronics FP-ATR-SIGFOX1 3.2.0
2023-04-16 14:27:15,751 [INFO] ThirdParty:981 - CMSIS Pack Vendor :STMicroelectronics X-CUBE-AZRTOS-L4 1.0.0
2023-04-16 14:27:15,752 [INFO] ThirdParty:981 - CMSIS Pack Vendor :wolfSSL I-CUBE-wolfSSL 5.5.0
2023-04-16 14:27:15,752 [INFO] ThirdParty:981 - CMSIS Pack Vendor :STMicroelectronics HAL Drivers 0.0.0
2023-04-16 14:27:15,752 [INFO] ThirdParty:981 - CMSIS Pack Vendor :STMicroelectronics MBEDTLS 2.16.2
2023-04-16 14:27:15,752 [INFO] ThirdParty:981 - CMSIS Pack Vendor :emotas I-CUBE-CANOPEN 1.1.2
2023-04-16 14:27:15,752 [INFO] ThirdParty:981 - CMSIS Pack Vendor :STMicroelectronics X-CUBE-TOUCHGFX 4.20.0
2023-04-16 14:27:15,753 [INFO] ThirdParty:981 - CMSIS Pack Vendor :STMicroelectronics MBEDTLS 2.14.1
2023-04-16 14:27:15,753 [INFO] ThirdParty:981 - CMSIS Pack Vendor :STMicroelectronics X-CUBE-NFC7 1.0.0
2023-04-16 14:27:15,753 [INFO] ThirdParty:981 - CMSIS Pack Vendor :STMicroelectronics X-CUBE-AZRTOS-WL 1.0.0
2023-04-16 14:27:15,753 [INFO] ThirdParty:981 - CMSIS Pack Vendor :STMicroelectronics X-CUBE-MEMS1 9.3.0
2023-04-16 14:27:15,753 [INFO] ThirdParty:981 - CMSIS Pack Vendor :STMicroelectronics X-CUBE-EEPRMA1 4.1.0
2023-04-16 14:27:15,754 [INFO] ThirdParty:981 - CMSIS Pack Vendor :portGmbH I-Cube-SoM-uGOAL 1.1.0
2023-04-16 14:27:15,754 [INFO] ThirdParty:981 - CMSIS Pack Vendor :STMicroelectronics X-CUBE-ALS 1.0.1
2023-04-16 14:27:15,754 [INFO] ThirdParty:981 - CMSIS Pack Vendor :STMicroelectronics X-CUBE-AI 7.2.0
2023-04-16 14:27:15,754 [INFO] ThirdParty:981 - CMSIS Pack Vendor :STMicroelectronics X-CUBE-MEMS1 9.5.0
2023-04-16 14:27:15,755 [INFO] ThirdParty:981 - CMSIS Pack Vendor :STMicroelectronics ThreadX 1.0.0
2023-04-16 14:27:15,755 [INFO] ThirdParty:981 - CMSIS Pack Vendor :STMicroelectronics X-CUBE-AZRTOS-WB 1.1.0
2023-04-16 14:27:15,755 [INFO] ThirdParty:981 - CMSIS Pack Vendor :SEGGER I-CUBE-embOS 1.3.1
2023-04-16 14:27:15,755 [INFO] ThirdParty:981 - CMSIS Pack Vendor :STMicroelectronics X-CUBE-AZRTOS-L5 1.0.0
2023-04-16 14:27:15,756 [INFO] ThirdParty:981 - CMSIS Pack Vendor :STMicroelectronics USB_DEVICE 1.0.0
2023-04-16 14:27:15,756 [INFO] ThirdParty:981 - CMSIS Pack Vendor :STMicroelectronics X-CUBE-EEPRMA1 3.1.1
2023-04-16 14:27:15,756 [INFO] ThirdParty:981 - CMSIS Pack Vendor :STMicroelectronics ThreadX 0.0.2
2023-04-16 14:27:15,757 [INFO] ThirdParty:981 - CMSIS Pack Vendor :WES I-CUBE-Cesium 1.3.0
2023-04-16 14:27:15,757 [INFO] ThirdParty:981 - CMSIS Pack Vendor :STMicroelectronics FP-ATR-ASTRA1 2.0.0
2023-04-16 14:27:15,757 [INFO] ThirdParty:981 - CMSIS Pack Vendor :STMicroelectronics lwIP 2.1.2
2023-04-16 14:27:15,757 [INFO] ThirdParty:981 - CMSIS Pack Vendor :STMicroelectronics X-CUBE-SFXS2LP1 4.0.0
2023-04-16 14:27:15,757 [INFO] ThirdParty:981 - CMSIS Pack Vendor :STMicroelectronics X-CUBE-BLE2 3.3.0
2023-04-16 14:27:15,758 [INFO] ThirdParty:981 - CMSIS Pack Vendor :STMicroelectronics X-CUBE-DISPLAY 2.2.0
2023-04-16 14:27:15,758 [INFO] ThirdParty:981 - CMSIS Pack Vendor :STMicroelectronics X-CUBE-TOF1 3.2.0
2023-04-16 14:27:15,758 [INFO] ThirdParty:981 - CMSIS Pack Vendor :STMicroelectronics PDM2PCM 3.2.0
2023-04-16 14:27:15,758 [INFO] ThirdParty:981 - CMSIS Pack Vendor :STMicroelectronics X-CUBE-AZRTOS-H7 3.0.0
2023-04-16 14:27:15,758 [INFO] ThirdParty:981 - CMSIS Pack Vendor :STMicroelectronics X-CUBE-ISPU 1.0.0
2023-04-16 14:27:15,763 [INFO] ThirdParty:797 - exiting critical section [change project]
2023-04-16 14:27:16,893 [INFO] PinOutPanel:1468 - setPackage(No Configuration,No Configuration)
2023-04-16 14:27:16,907 [INFO] PinOutPanel:1468 - setPackage(STM32F446RETx,LQFP64)
2023-04-16 14:27:18,234 [INFO] UtilMem:74 - Before build in PCC Used Memory: 504947664 Bytes (573571072)
2023-04-16 14:27:19,696 [INFO] UtilMem:74 - After build in PCC Used Memory: 476625824 Bytes (573571072)
2023-04-16 14:27:19,776 [INFO] IPUIPlugin:79 - create IPUIPlugin
2023-04-16 14:27:19,776 [INFO] IPUIPlugin:79 - create IPUIPlugin
2023-04-16 14:27:19,777 [INFO] IPUIPlugin:79 - create IPUIPlugin
2023-04-16 14:27:19,777 [INFO] IPUIPlugin:79 - create IPUIPlugin
2023-04-16 14:27:19,778 [INFO] IPUIPlugin:79 - create IPUIPlugin
2023-04-16 14:27:19,778 [INFO] IPUIPlugin:79 - create IPUIPlugin
2023-04-16 14:27:19,779 [INFO] IPUIPlugin:79 - create IPUIPlugin
2023-04-16 14:27:19,779 [INFO] IPUIPlugin:79 - create IPUIPlugin
2023-04-16 14:27:19,780 [INFO] IPUIPlugin:79 - create IPUIPlugin
2023-04-16 14:27:19,780 [INFO] IPUIPlugin:79 - create IPUIPlugin
2023-04-16 14:27:19,781 [INFO] IPUIPlugin:79 - create IPUIPlugin
2023-04-16 14:27:19,781 [INFO] IPUIPlugin:79 - create IPUIPlugin
2023-04-16 14:27:19,781 [INFO] IPUIPlugin:79 - create IPUIPlugin
2023-04-16 14:27:19,781 [INFO] IPUIPlugin:79 - create IPUIPlugin
2023-04-16 14:27:19,781 [INFO] IPUIPlugin:79 - create IPUIPlugin
2023-04-16 14:27:19,785 [INFO] IPUIPlugin:79 - create IPUIPlugin
2023-04-16 14:27:19,785 [INFO] IPUIPlugin:79 - create IPUIPlugin
2023-04-16 14:27:19,786 [INFO] IPUIPlugin:79 - create IPUIPlugin
2023-04-16 14:27:19,786 [INFO] IPUIPlugin:79 - create IPUIPlugin
2023-04-16 14:27:19,795 [INFO] IPUIPlugin:79 - create IPUIPlugin
2023-04-16 14:27:19,796 [INFO] IPUIPlugin:79 - create IPUIPlugin
2023-04-16 14:27:19,796 [INFO] IPUIPlugin:79 - create IPUIPlugin
2023-04-16 14:27:19,797 [INFO] IPUIPlugin:79 - create IPUIPlugin
2023-04-16 14:27:19,797 [INFO] IPUIPlugin:79 - create IPUIPlugin
2023-04-16 14:27:19,797 [INFO] IPUIPlugin:79 - create IPUIPlugin
2023-04-16 14:27:19,797 [INFO] IPUIPlugin:79 - create IPUIPlugin
2023-04-16 14:27:19,798 [INFO] IPUIPlugin:79 - create IPUIPlugin
2023-04-16 14:27:19,798 [INFO] IPUIPlugin:79 - create IPUIPlugin
2023-04-16 14:27:19,798 [INFO] IPUIPlugin:79 - create IPUIPlugin
2023-04-16 14:27:19,798 [INFO] IPUIPlugin:79 - create IPUIPlugin
2023-04-16 14:27:19,798 [INFO] IPUIPlugin:79 - create IPUIPlugin
2023-04-16 14:27:19,799 [INFO] IPUIPlugin:79 - create IPUIPlugin
2023-04-16 14:27:19,799 [INFO] IPUIPlugin:79 - create IPUIPlugin
2023-04-16 14:27:19,799 [INFO] IPUIPlugin:79 - create IPUIPlugin
2023-04-16 14:27:19,799 [INFO] IPUIPlugin:79 - create IPUIPlugin
2023-04-16 14:27:19,799 [INFO] IPUIPlugin:79 - create IPUIPlugin
2023-04-16 14:27:19,799 [INFO] IPUIPlugin:79 - create IPUIPlugin
2023-04-16 14:27:19,799 [INFO] IPUIPlugin:79 - create IPUIPlugin
2023-04-16 14:27:19,800 [INFO] IPUIPlugin:79 - create IPUIPlugin
2023-04-16 14:27:19,800 [INFO] IPUIPlugin:79 - create IPUIPlugin
2023-04-16 14:27:19,800 [INFO] IPUIPlugin:79 - create IPUIPlugin
2023-04-16 14:27:19,800 [INFO] IPUIPlugin:79 - create IPUIPlugin
2023-04-16 14:27:19,800 [INFO] IPUIPlugin:79 - create IPUIPlugin
2023-04-16 14:27:19,800 [INFO] IPUIPlugin:79 - create IPUIPlugin
2023-04-16 14:27:19,800 [INFO] IPUIPlugin:79 - create IPUIPlugin
2023-04-16 14:27:19,800 [INFO] IPUIPlugin:79 - create IPUIPlugin
2023-04-16 14:27:19,800 [INFO] IPUIPlugin:79 - create IPUIPlugin
2023-04-16 14:27:19,801 [INFO] IPUIPlugin:79 - create IPUIPlugin
2023-04-16 14:27:19,801 [INFO] IPUIPlugin:79 - create IPUIPlugin
2023-04-16 14:27:19,801 [INFO] IPUIPlugin:79 - create IPUIPlugin
2023-04-16 14:27:19,801 [INFO] IPUIPlugin:79 - create IPUIPlugin
2023-04-16 14:27:19,801 [INFO] IPUIPlugin:79 - create IPUIPlugin
2023-04-16 14:27:19,801 [INFO] IPUIPlugin:79 - create IPUIPlugin
2023-04-16 14:27:19,802 [INFO] IPUIPlugin:79 - create IPUIPlugin
2023-04-16 14:27:19,802 [INFO] IPUIPlugin:79 - create IPUIPlugin
2023-04-16 14:27:19,802 [INFO] IPUIPlugin:79 - create IPUIPlugin
2023-04-16 14:27:19,802 [INFO] IPUIPlugin:79 - create IPUIPlugin
2023-04-16 14:27:19,805 [INFO] IPUIPlugin:79 - create IPUIPlugin
2023-04-16 14:27:19,805 [INFO] IPUIPlugin:79 - create IPUIPlugin
2023-04-16 14:27:19,806 [INFO] IPUIPlugin:79 - create IPUIPlugin
2023-04-16 14:27:19,863 [INFO] ApiDbMcu:505 - Load IP Config File for PDM2PCM
2023-04-16 14:27:19,897 [INFO] Can:70 - Can Add PropertyChangeListener com.st.microxplorer.plugins.ip.can.Can@1686a7aa
2023-04-16 14:27:19,904 [WARN] IP:2111 - I2C_Coeff_DF not found: check if there is a RefParameter without a condition.
2023-04-16 14:27:19,906 [WARN] IP:2111 - Analog_Filter not found: check if there is a RefParameter without a condition.
2023-04-16 14:27:20,546 [INFO] OpenFileManager:327 - Restore cursor
2023-04-16 14:27:20,718 [WARN] IP:2111 - I2C_Coeff_DF not found: check if there is a RefParameter without a condition.
2023-04-16 14:27:20,719 [WARN] IP:2111 - Analog_Filter not found: check if there is a RefParameter without a condition.
2023-04-16 14:27:20,720 [WARN] IP:2111 - I2C_Coeff_DF not found: check if there is a RefParameter without a condition.
2023-04-16 14:27:20,720 [WARN] IP:2111 - Analog_Filter not found: check if there is a RefParameter without a condition.
2023-04-16 14:31:26,187 [WARN] IP:2111 - I2C_Coeff_DF not found: check if there is a RefParameter without a condition.
2023-04-16 14:31:26,191 [WARN] IP:2111 - Analog_Filter not found: check if there is a RefParameter without a condition.
2023-04-16 14:31:26,192 [WARN] IP:2111 - I2C_Coeff_DF not found: check if there is a RefParameter without a condition.
2023-04-16 14:31:26,192 [WARN] IP:2111 - Analog_Filter not found: check if there is a RefParameter without a condition.
2023-04-16 14:31:26,256 [WARN] IP:2111 - I2C_Coeff_DF not found: check if there is a RefParameter without a condition.
2023-04-16 14:31:26,256 [WARN] IP:2111 - Analog_Filter not found: check if there is a RefParameter without a condition.
2023-04-16 14:31:26,314 [WARN] IP:2111 - I2C_Coeff_DF not found: check if there is a RefParameter without a condition.
2023-04-16 14:31:26,314 [WARN] IP:2111 - Analog_Filter not found: check if there is a RefParameter without a condition.
2023-04-16 14:32:58,630 [INFO] Gpio:272 - dependency for GPIO [CAN1, I2C1, RCC, SYS, USART2]
2023-04-16 15:10:46,597 [INFO] UtilMem:74 - End SaveConfig() Used Memory: 483358512 Bytes (573571072)
2023-04-16 15:10:48,487 [INFO] UtilMem:74 - End SaveConfig() Used Memory: 482285792 Bytes (573571072)
2023-04-16 15:10:50,880 [INFO] UtilMem:74 - End SaveConfig() Used Memory: 495581304 Bytes (573571072)
2023-04-16 15:10:51,713 [INFO] BlockDiagram:2753 - set Specific Code input for plugin: CAN
2023-04-16 15:10:51,715 [INFO] BlockDiagram:2753 - set Specific Code input for plugin: SYS
2023-04-16 15:10:51,716 [INFO] BlockDiagram:2753 - set Specific Code input for plugin: RCC
2023-04-16 15:10:51,716 [INFO] BlockDiagram:2753 - set Specific Code input for plugin: I2C
2023-04-16 15:10:51,716 [INFO] BlockDiagram:2753 - set Specific Code input for plugin: NVIC
2023-04-16 15:10:51,716 [INFO] BlockDiagram:2753 - set Specific Code input for plugin: USART
2023-04-16 15:10:51,717 [INFO] BlockDiagram:2753 - set Specific Code input for plugin: GPIO
2023-04-16 15:10:51,719 [INFO] CodeGenerator:690 - code generatio: config db path: /Applications/STM32CubeIDE.app/Contents/Eclipse/plugins/com.st.stm32cube.common.mx_6.6.1.202207061420//db/
2023-04-16 15:10:51,951 [WARN] IP:2111 - I2C_Coeff_DF not found: check if there is a RefParameter without a condition.
2023-04-16 15:10:51,960 [WARN] IP:2111 - Analog_Filter not found: check if there is a RefParameter without a condition.
2023-04-16 15:10:52,527 [INFO] CodeEngine:245 - oldGeneratedFile, /Users/sshashi/Desktop/FEB/FEB_Firmware_2023/LVPDB/MXTmpFiles/license.tmp_save
2023-04-16 15:10:53,172 [INFO] CodeEngine:269 - Generated code: /Users/sshashi/Desktop/FEB/FEB_Firmware_2023/LVPDB/MXTmpFiles/license.tmp
2023-04-16 15:10:53,315 [INFO] CodeEngine:245 - oldGeneratedFile, /Users/sshashi/Desktop/FEB/FEB_Firmware_2023/LVPDB/MXTmpFiles/gpio.tmp_save
2023-04-16 15:10:53,585 [INFO] CodeEngine:269 - Generated code: /Users/sshashi/Desktop/FEB/FEB_Firmware_2023/LVPDB/MXTmpFiles/gpio.tmp
2023-04-16 15:10:53,846 [INFO] CodeEngine:245 - oldGeneratedFile, /Users/sshashi/Desktop/FEB/FEB_Firmware_2023/LVPDB/Core/Src/stm32f4xx_it.c_save
2023-04-16 15:10:54,087 [INFO] CodeEngine:269 - Generated code: /Users/sshashi/Desktop/FEB/FEB_Firmware_2023/LVPDB/Core/Src/stm32f4xx_it.c
2023-04-16 15:10:54,091 [INFO] CodeEngine:245 - oldGeneratedFile, /Users/sshashi/Desktop/FEB/FEB_Firmware_2023/LVPDB/Core/Inc/stm32f4xx_it.h_save
2023-04-16 15:10:54,277 [INFO] CodeEngine:269 - Generated code: /Users/sshashi/Desktop/FEB/FEB_Firmware_2023/LVPDB/Core/Inc/stm32f4xx_it.h
2023-04-16 15:10:54,342 [INFO] CodeEngine:245 - oldGeneratedFile, /Users/sshashi/Desktop/FEB/FEB_Firmware_2023/LVPDB/Core/Src/stm32f4xx_hal_msp.c_save
2023-04-16 15:10:54,554 [INFO] CodeEngine:269 - Generated code: /Users/sshashi/Desktop/FEB/FEB_Firmware_2023/LVPDB/Core/Src/stm32f4xx_hal_msp.c
2023-04-16 15:10:54,556 [INFO] CodeEngine:245 - oldGeneratedFile, /Users/sshashi/Desktop/FEB/FEB_Firmware_2023/LVPDB/MXTmpFiles/system.tmp_save
2023-04-16 15:10:54,633 [INFO] CodeEngine:269 - Generated code: /Users/sshashi/Desktop/FEB/FEB_Firmware_2023/LVPDB/MXTmpFiles/system.tmp
2023-04-16 15:10:54,640 [INFO] CodeEngine:245 - oldGeneratedFile, /Users/sshashi/Desktop/FEB/FEB_Firmware_2023/LVPDB/Core/Inc/stm32f4xx_hal_conf.h_save
2023-04-16 15:10:54,729 [INFO] CodeEngine:269 - Generated code: /Users/sshashi/Desktop/FEB/FEB_Firmware_2023/LVPDB/Core/Inc/stm32f4xx_hal_conf.h
2023-04-16 15:10:54,825 [WARN] IPConfigManager:2910 - Warning: the RefConfig PLL2P_FOR_MCO is not available in your config.xml file
2023-04-16 15:10:54,844 [INFO] CodeEngine:245 - oldGeneratedFile, /Users/sshashi/Desktop/FEB/FEB_Firmware_2023/LVPDB/Core/Inc/main.h_save
2023-04-16 15:10:54,936 [INFO] CodeEngine:269 - Generated code: /Users/sshashi/Desktop/FEB/FEB_Firmware_2023/LVPDB/Core/Inc/main.h
2023-04-16 15:10:54,938 [INFO] CodeEngine:245 - oldGeneratedFile, /Users/sshashi/Desktop/FEB/FEB_Firmware_2023/LVPDB/Core/Src/main.c_save
2023-04-16 15:10:55,146 [INFO] CodeEngine:269 - Generated code: /Users/sshashi/Desktop/FEB/FEB_Firmware_2023/LVPDB/Core/Src/main.c
2023-04-16 15:10:56,212 [INFO] ProjectBuilder:2919 - Time for Copy HAL[1] : 94mS.
2023-04-16 15:10:56,267 [INFO] ProjectBuilder:4117 - Project Generator version: 3.17.1
2023-04-16 15:10:56,724 [INFO] ConfigFileManager:1394 - The Die is : DIE421
2023-04-16 15:10:56,750 [INFO] ApiDbMcu:505 - Load IP Config File for FATFS
2023-04-16 15:10:56,766 [INFO] ApiDbMcu:505 - Load IP Config File for FREERTOS
2023-04-16 15:10:56,768 [INFO] ApiDbMcu:505 - Load IP Config File for LIBJPEG
2023-04-16 15:10:56,776 [INFO] ApiDbMcu:505 - Load IP Config File for MBEDTLS
2023-04-16 15:10:56,791 [INFO] ApiDbMcu:505 - Load IP Config File for USB_DEVICE
2023-04-16 15:10:56,801 [INFO] ApiDbMcu:505 - Load IP Config File for USB_HOST
2023-04-16 15:11:00,499 [INFO] ProjectBuilder:4285 - Time for Generating toolchain IDE Files: 4223mS.
2023-04-16 15:11:00,505 [INFO] ProjectBuilder:2790 - Time for Copy CMSIS : 1mS.
2023-04-16 15:11:00,507 [INFO] ProjectBuilder:2790 - Time for Copy CMSIS : 1mS.
